Traceback (most recent call last):
  File "/Users/reginaldmoore/Library/Mobile Documents/com~apple~CloudDocs/Mojo consultants /SEA-SEC/src/app/.venv/bin/uvicorn", line 9, in <module>
    sys.exit(main())
             ~~~~^^
  File "/Users/reginaldmoore/Library/Mobile Documents/com~apple~CloudDocs/Mojo consultants /SEA-SEC/src/app/.venv/lib/python3.13/site-packages/click/core.py", line 1462, in __call__
    return self.main(*args, **kwargs)
           ~~~~~~~~~^^^^^^^^^^^^^^^^^
  File "/Users/reginaldmoore/Library/Mobile Documents/com~apple~CloudDocs/Mojo consultants /SEA-SEC/src/app/.venv/lib/python3.13/site-packages/click/core.py", line 1383, in main
    rv = self.invoke(ctx)
  File "/Users/reginaldmoore/Library/Mobile Documents/com~apple~CloudDocs/Mojo consultants /SEA-SEC/src/app/.venv/lib/python3.13/site-packages/click/core.py", line 1246, in invoke
    return ctx.invoke(self.callback, **ctx.params)
           ~~~~~~~~~~^^^^^^^^^^^^^^^^^^^^^^^^^^^^^
  File "/Users/reginaldmoore/Library/Mobile Documents/com~apple~CloudDocs/Mojo consultants /SEA-SEC/src/app/.venv/lib/python3.13/site-packages/click/core.py", line 814, in invoke
    return callback(*args, **kwargs)
  File "/Users/reginaldmoore/Library/Mobile Documents/com~apple~CloudDocs/Mojo consultants /SEA-SEC/src/app/.venv/lib/python3.13/site-packages/uvicorn/main.py", line 423, in main
    run(
    ~~~^
        app,
        ^^^^
    ...<46 lines>...
        h11_max_incomplete_event_size=h11_max_incomplete_event_size,
        ^^^^^^^^^^^^^^^^^^^^^^^^^^^^^^^^^^^^^^^^^^^^^^^^^^^^^^^^^^^^
    )
    ^
  File "/Users/reginaldmoore/Library/Mobile Documents/com~apple~CloudDocs/Mojo consultants /SEA-SEC/src/app/.venv/lib/python3.13/site-packages/uvicorn/main.py", line 593, in run
    server.run()
    ~~~~~~~~~~^^
  File "/Users/reginaldmoore/Library/Mobile Documents/com~apple~CloudDocs/Mojo consultants /SEA-SEC/src/app/.venv/lib/python3.13/site-packages/uvicorn/server.py", line 67, in run
    return asyncio_run(self.serve(sockets=sockets), loop_factory=self.config.get_loop_factory())
  File "/Library/Frameworks/Python.framework/Versions/3.13/lib/python3.13/asyncio/runners.py", line 195, in run
    return runner.run(main)
           ~~~~~~~~~~^^^^^^
  File "/Library/Frameworks/Python.framework/Versions/3.13/lib/python3.13/asyncio/runners.py", line 118, in run
    return self._loop.run_until_complete(task)
           ~~~~~~~~~~~~~~~~~~~~~~~~~~~~~^^^^^^
  File "uvloop/loop.pyx", line 1518, in uvloop.loop.Loop.run_until_complete
  File "/Users/reginaldmoore/Library/Mobile Documents/com~apple~CloudDocs/Mojo consultants /SEA-SEC/src/app/.venv/lib/python3.13/site-packages/uvicorn/server.py", line 71, in serve
    await self._serve(sockets)
  File "/Users/reginaldmoore/Library/Mobile Documents/com~apple~CloudDocs/Mojo consultants /SEA-SEC/src/app/.venv/lib/python3.13/site-packages/uvicorn/server.py", line 78, in _serve
    config.load()
    ~~~~~~~~~~~^^
  File "/Users/reginaldmoore/Library/Mobile Documents/com~apple~CloudDocs/Mojo consultants /SEA-SEC/src/app/.venv/lib/python3.13/site-packages/uvicorn/config.py", line 438, in load
    self.loaded_app = import_from_string(self.app)
                      ~~~~~~~~~~~~~~~~~~^^^^^^^^^^
  File "/Users/reginaldmoore/Library/Mobile Documents/com~apple~CloudDocs/Mojo consultants /SEA-SEC/src/app/.venv/lib/python3.13/site-packages/uvicorn/importer.py", line 22, in import_from_string
    raise exc from None
  File "/Users/reginaldmoore/Library/Mobile Documents/com~apple~CloudDocs/Mojo consultants /SEA-SEC/src/app/.venv/lib/python3.13/site-packages/uvicorn/importer.py", line 19, in import_from_string
    module = importlib.import_module(module_str)
  File "/Library/Frameworks/Python.framework/Versions/3.13/lib/python3.13/importlib/__init__.py", line 88, in import_module
    return _bootstrap._gcd_import(name[level:], package, level)
           ~~~~~~~~~~~~~~~~~~~~~~^^^^^^^^^^^^^^^^^^^^^^^^^^^^^^
  File "<frozen importlib._bootstrap>", line 1387, in _gcd_import
  File "<frozen importlib._bootstrap>", line 1360, in _find_and_load
  File "<frozen importlib._bootstrap>", line 1310, in _find_and_load_unlocked
  File "<frozen importlib._bootstrap>", line 488, in _call_with_frames_removed
  File "<frozen importlib._bootstrap>", line 1387, in _gcd_import
  File "<frozen importlib._bootstrap>", line 1360, in _find_and_load
  File "<frozen importlib._bootstrap>", line 1324, in _find_and_load_unlocked
ModuleNotFoundError: No module named 'app'
